R2#sh run
Building configuration...

Current configuration : 781 bytes
!
version 15.2
service timestamps debug datetime msec
service timestamps log datetime msec
!
hostname R2
!
boot-start-marker
boot-end-marker
!
!
!
no aaa new-model
!
!
!
!
!
!
ip cef
no ipv6 cef
!         
!
multilink bundle-name authenticated
!
!
!
!
!
!
!
!
!
!
!
!
! 
!
!
!
!
!
!
!
!         
interface FastEthernet0/0
 no ip address
 shutdown
 duplex full
!
interface Ethernet1/0
 ip address 1.1.1.2 255.255.255.0
 duplex full
!
interface Ethernet1/1
 ip address 2.2.2.2 255.255.255.0
 duplex full
!
interface Ethernet1/2
 no ip address
 shutdown
 duplex full
!
interface Ethernet1/3
 no ip address
 shutdown
 duplex full
!         
ip forward-protocol nd
!
!
no ip http server
no ip http secure-server
!
!
!
!
control-plane
!
!
line con 0
 stopbits 1
line aux 0
 stopbits 1
line vty 0 4
 login
!
!
end

