Router#sh run
Building configuration...

Current configuration : 877 bytes
!
! Last configuration change at 11:18:44 UTC Thu Jan 19 2023
!
version 15.2
service timestamps debug datetime msec
service timestamps log datetime msec
!
hostname Router
!
boot-start-marker
boot-end-marker
!
!
!
no aaa new-model
!
!
!
!
!
!
ip cef    
no ipv6 cef
!
!
multilink bundle-name authenticated
!
!
!
!
!
!
!
!
!
!
!
!
! 
!
!
!
!
!
!         
!
!
interface FastEthernet0/0
 no ip address
 shutdown
 duplex full
!
interface Ethernet1/0
 ip address 10.10.34.4 255.255.255.0
 duplex full
!
interface Ethernet1/1
 no ip address
 shutdown
 duplex full
!
interface Ethernet1/2
 no ip address
 shutdown
 duplex full
!
interface Ethernet1/3
 no ip address
 shutdown
 duplex full
!
ip forward-protocol nd
!
!
no ip http server
no ip http secure-server
ip route 0.0.0.0 0.0.0.0 10.10.34.3
!
!
!
!
control-plane
!
!
line con 0
 stopbits 1
line aux 0
 stopbits 1
line vty 0 4
 login
!         
!
end

